This file contains any messages produced by compilers while
running configure, to aid debugging if configure makes a mistake.

It was created by RISC-V ISA Simulator configure ?, which was
generated by GNU Autoconf 2.69.  Invocation command line was

  $ ../configure --prefix=/home/rise/tools/riscv-tools/riscv/ --with-fesvr=/home/rise/tools/riscv-tools/riscv/

## --------- ##
## Platform. ##
## --------- ##

hostname = rise-Veriton-M200-Q77
uname -m = x86_64
uname -r = 3.11.0-15-generic
uname -s = Linux
uname -v = #25~precise1-Ubuntu SMP Thu Jan 30 17:39:31 UTC 2014

/usr/bin/uname -p = unknown
/bin/uname -X     = unknown

/bin/arch              = unknown
/usr/bin/arch -k       = unknown
/usr/convex/getsysinfo = unknown
/usr/bin/hostinfo      = unknown
/bin/machine           = unknown
/usr/bin/oslevel       = unknown
/bin/universe          = unknown

PATH: /home/rise/tools/proFPGA/proFPGA-2016A/bin/linux_x86_64
PATH: /usr/local/sbin
PATH: /usr/local/bin
PATH: /usr/sbin
PATH: /usr/bin
PATH: /sbin
PATH: /bin
PATH: /usr/games
PATH: /home/rise/tools/Matlab/bin
PATH: /home/rise/tools/riscv-tools/riscv/bin
PATH: /home/rise/tools/Visualsim/VS_AR
PATH: /home/rise/tools/Visualsim/PP
PATH: /home/rise/tools/Bluespec-2015.09.beta2/bin
PATH: /home/rise/tools/mentor/ModelSim10/modeltech/linux_x86_64
PATH: /home/rise/tools/mentor/Formal_Pro/Mgc_home/bin
PATH: /home/rise/tools/mentor/AMS/bin
PATH: /home/rise/tools/mentor/Precision/Precision-Linux64-Setup/Mgc_home/bin
PATH: /home/rise/tools/mentor/Tessent_2013/bin
PATH: /home/rise/tools/mentor/Leonardo/Leonardo-Linux32-2013a-Setup/bin
PATH: /home/rise/tools/mentor/HDL/HDL_Designer-Setup//bin
PATH: /home/rise/tools/mentor/IE3D/Setup/15.3HL3DEM/SDD_HOME/IE3D/bin64
PATH: /home/rise/tools/mentor/Reqtracer/Setup/bin
PATH: /home/rise/tools/mentor/Tessent_2013/bin
PATH: /home/rise/tools/mentor/xact_soc/Setup/xactPack-2013.3_UR2/sierra/bin
PATH: /home/rise/tools/mentor/Expedition/Setup/7.9.5EE/SDD_HOME/dms/bin
PATH: /home/rise/tools/mentor/calibre/Calibre_MGC-Setup/ixl_cal_2012.4_16.11/bin
PATH: /home/rise/tools/mentor/Vista/Setup/bin-linux64
PATH: /home/rise/tools/Cadence/RC/bin
PATH: /home/rise/tools/Cadence/INCISIVE/15.20.001/tools.lnx86/bin
PATH: /home/rise/tools/Cadence/LIBERATE/LIBERATE151/bin
PATH: /home/rise/tools/Cadence/MMSIM/MMSIM151/bin
PATH: /home/rise/tools/Cadence/PVS/PVS15.1_lnx86/bin
PATH: /home/rise/tools/Cadence/SPB/17.20.000/lnx86/tools.lnx86/bin
PATH: /home/rise/tools/Cadence/SSV/lnx86/tools.lnx86/bin
PATH: /home/rise/tools/Cadence/assura/lnx86/bin
PATH: /home/rise/tools/Cadence/IC/lnx86/bin
PATH: /home/rise/tools/Cadence/EDI/EDI142Base_lnx86/bin
PATH: /home/rise/tools/Cadence/ET/ET151/lnx86/tools.lnx86/bin
PATH: /home/rise/tools/Cadence/EXT/15.12.251/lnx86/tools.lnx86/bin
PATH: /home/rise/tools/Cadence/SIGRITY_HOTFIX//bin
PATH: /home/rise/tools/Cadence/SIGRITY_HOTFIX//share/bin
PATH: /home/rise/tools/Cadence/SIGRITY_HOTFIX//tools.lnx86/bin
PATH: /home/rise/tools/Cadence/CONFORMAL/bin
PATH: /home/rise/tools/Cadence/CONFORMAL/tools.lnx86/bin/
PATH: /home/rise/tools/Cadence/CONFORMAL/share/bin/
PATH: /home/rise/tools/synopsys/vH-2013.03-SP5-2/amd64/syn/amd64/syn/bin
PATH: /home/rise/tools/synopsys/VCS/VCSMX/bin
PATH: /home/rise/tools/synopsys/PrimeTime/bin
PATH: /home/rise/tools/std_libraries/55nm/UMC_55nm_LOW_POWER_LOWK_RVT_LOGIC_PROCESS/Memory/FSF0L_Memaker_201401.1.1/memlib/EXE


## ----------- ##
## Core tests. ##
## ----------- ##

configure:2064: checking build system type
configure:2078: result: x86_64-unknown-linux-gnu
configure:2098: checking host system type
configure:2111: result: x86_64-unknown-linux-gnu
configure:2184: checking for gcc
configure:2211: result: gcc-5
configure:2440: checking for C compiler version
configure:2449: gcc-5 --version >&5
gcc-5 (Ubuntu 5.4.1-2ubuntu1~12.04) 5.4.1 20160904
Copyright (C) 2015 Free Software Foundation, Inc.
This is free software; see the source for copying conditions.  There is NO
warranty; not even for MERCHANTABILITY or FITNESS FOR A PARTICULAR PURPOSE.

configure:2460: $? = 0
configure:2449: gcc-5 -v >&5
Using built-in specs.
COLLECT_GCC=gcc-5
COLLECT_LTO_WRAPPER=/usr/lib/gcc/x86_64-linux-gnu/5/lto-wrapper
Target: x86_64-linux-gnu
Configured with: ../src/configure -v --with-pkgversion='Ubuntu 5.4.1-2ubuntu1~12.04' --with-bugurl=file:///usr/share/doc/gcc-5/README.Bugs --enable-languages=c,ada,c++,java,go,d,fortran,objc,obj-c++ --prefix=/usr --program-suffix=-5 --enable-shared --enable-linker-build-id --libexecdir=/usr/lib --without-included-gettext --enable-threads=posix --libdir=/usr/lib --enable-nls --with-sysroot=/ --enable-clocale=gnu --enable-libstdcxx-debug --enable-libstdcxx-time=yes --with-default-libstdcxx-abi=gcc4-compatible --disable-libstdcxx-dual-abi --enable-gnu-unique-object --disable-vtable-verify --enable-plugin --with-system-zlib --disable-browser-plugin --enable-java-awt=gtk --enable-gtk-cairo --with-java-home=/usr/lib/jvm/java-1.5.0-gcj-5-amd64/jre --enable-java-home --with-jvm-root-dir=/usr/lib/jvm/java-1.5.0-gcj-5-amd64 --with-jvm-jar-dir=/usr/lib/jvm-exports/java-1.5.0-gcj-5-amd64 --with-arch-directory=amd64 --with-ecj-jar=/usr/share/java/eclipse-ecj.jar --enable-objc-gc --enable-multiarch --disable-werror --with-arch-32=i686 --with-abi=m64 --with-multilib-list=m32,m64 --enable-multilib --with-tune=generic --enable-checking=release --build=x86_64-linux-gnu --host=x86_64-linux-gnu --target=x86_64-linux-gnu
Thread model: posix
gcc version 5.4.1 20160904 (Ubuntu 5.4.1-2ubuntu1~12.04) 
configure:2460: $? = 0
configure:2449: gcc-5 -V >&5
gcc-5: error: unrecognized command line option '-V'
gcc-5: fatal error: no input files
compilation terminated.
configure:2460: $? = 1
configure:2449: gcc-5 -qversion >&5
gcc-5: error: unrecognized command line option '-qversion'
gcc-5: fatal error: no input files
compilation terminated.
configure:2460: $? = 1
configure:2480: checking whether the C compiler works
configure:2502: gcc-5    conftest.c  >&5
configure:2506: $? = 0
configure:2554: result: yes
configure:2557: checking for C compiler default output file name
configure:2559: result: a.out
configure:2565: checking for suffix of executables
configure:2572: gcc-5 -o conftest    conftest.c  >&5
configure:2576: $? = 0
configure:2598: result: 
configure:2620: checking whether we are cross compiling
configure:2628: gcc-5 -o conftest    conftest.c  >&5
configure:2632: $? = 0
configure:2639: ./conftest
configure:2643: $? = 0
configure:2658: result: no
configure:2663: checking for suffix of object files
configure:2685: gcc-5 -c   conftest.c >&5
configure:2689: $? = 0
configure:2710: result: o
configure:2714: checking whether we are using the GNU C compiler
configure:2733: gcc-5 -c   conftest.c >&5
configure:2733: $? = 0
configure:2742: result: yes
configure:2751: checking whether gcc-5 accepts -g
configure:2771: gcc-5 -c -g  conftest.c >&5
configure:2771: $? = 0
configure:2812: result: yes
configure:2829: checking for gcc-5 option to accept ISO C89
configure:2892: gcc-5  -c -g -O2  conftest.c >&5
configure:2892: $? = 0
configure:2905: result: none needed
configure:3037: checking for C++ compiler version
configure:3046: g++-5 --version >&5
g++-5 (Ubuntu 5.4.1-2ubuntu1~12.04) 5.4.1 20160904
Copyright (C) 2015 Free Software Foundation, Inc.
This is free software; see the source for copying conditions.  There is NO
warranty; not even for MERCHANTABILITY or FITNESS FOR A PARTICULAR PURPOSE.

configure:3057: $? = 0
configure:3046: g++-5 -v >&5
Using built-in specs.
COLLECT_GCC=g++-5
COLLECT_LTO_WRAPPER=/usr/lib/gcc/x86_64-linux-gnu/5/lto-wrapper
Target: x86_64-linux-gnu
Configured with: ../src/configure -v --with-pkgversion='Ubuntu 5.4.1-2ubuntu1~12.04' --with-bugurl=file:///usr/share/doc/gcc-5/README.Bugs --enable-languages=c,ada,c++,java,go,d,fortran,objc,obj-c++ --prefix=/usr --program-suffix=-5 --enable-shared --enable-linker-build-id --libexecdir=/usr/lib --without-included-gettext --enable-threads=posix --libdir=/usr/lib --enable-nls --with-sysroot=/ --enable-clocale=gnu --enable-libstdcxx-debug --enable-libstdcxx-time=yes --with-default-libstdcxx-abi=gcc4-compatible --disable-libstdcxx-dual-abi --enable-gnu-unique-object --disable-vtable-verify --enable-plugin --with-system-zlib --disable-browser-plugin --enable-java-awt=gtk --enable-gtk-cairo --with-java-home=/usr/lib/jvm/java-1.5.0-gcj-5-amd64/jre --enable-java-home --with-jvm-root-dir=/usr/lib/jvm/java-1.5.0-gcj-5-amd64 --with-jvm-jar-dir=/usr/lib/jvm-exports/java-1.5.0-gcj-5-amd64 --with-arch-directory=amd64 --with-ecj-jar=/usr/share/java/eclipse-ecj.jar --enable-objc-gc --enable-multiarch --disable-werror --with-arch-32=i686 --with-abi=m64 --with-multilib-list=m32,m64 --enable-multilib --with-tune=generic --enable-checking=release --build=x86_64-linux-gnu --host=x86_64-linux-gnu --target=x86_64-linux-gnu
Thread model: posix
gcc version 5.4.1 20160904 (Ubuntu 5.4.1-2ubuntu1~12.04) 
configure:3057: $? = 0
configure:3046: g++-5 -V >&5
g++-5: error: unrecognized command line option '-V'
g++-5: fatal error: no input files
compilation terminated.
configure:3057: $? = 1
configure:3046: g++-5 -qversion >&5
g++-5: error: unrecognized command line option '-qversion'
g++-5: fatal error: no input files
compilation terminated.
configure:3057: $? = 1
configure:3061: checking whether we are using the GNU C++ compiler
configure:3080: g++-5 -c   conftest.cpp >&5
configure:3080: $? = 0
configure:3089: result: yes
configure:3098: checking whether g++-5 accepts -g
configure:3118: g++-5 -c -g  conftest.cpp >&5
configure:3118: $? = 0
configure:3159: result: yes
configure:3225: checking for ar
configure:3241: found /usr/bin/ar
configure:3252: result: ar
configure:3317: checking for ranlib
configure:3333: found /usr/bin/ranlib
configure:3344: result: ranlib
configure:3373: checking how to run the C++ preprocessor
configure:3400: g++-5 -E  conftest.cpp
configure:3400: $? = 0
configure:3414: g++-5 -E  conftest.cpp
conftest.cpp:9:28: fatal error: ac_nonexistent.h: No such file or directory
compilation terminated.
configure:3414: $? = 1
configure: failed program was:
| /* confdefs.h */
| #define PACKAGE_NAME "RISC-V ISA Simulator"
| #define PACKAGE_TARNAME "spike"
| #define PACKAGE_VERSION "?"
| #define PACKAGE_STRING "RISC-V ISA Simulator ?"
| #define PACKAGE_BUGREPORT "Andrew Waterman"
| #define PACKAGE_URL ""
| /* end confdefs.h.  */
| #include <ac_nonexistent.h>
configure:3439: result: g++-5 -E
configure:3459: g++-5 -E  conftest.cpp
configure:3459: $? = 0
configure:3473: g++-5 -E  conftest.cpp
conftest.cpp:9:28: fatal error: ac_nonexistent.h: No such file or directory
compilation terminated.
configure:3473: $? = 1
configure: failed program was:
| /* confdefs.h */
| #define PACKAGE_NAME "RISC-V ISA Simulator"
| #define PACKAGE_TARNAME "spike"
| #define PACKAGE_VERSION "?"
| #define PACKAGE_STRING "RISC-V ISA Simulator ?"
| #define PACKAGE_BUGREPORT "Andrew Waterman"
| #define PACKAGE_URL ""
| /* end confdefs.h.  */
| #include <ac_nonexistent.h>
configure:3502: checking for grep that handles long lines and -e
configure:3560: result: /bin/grep
configure:3565: checking for egrep
configure:3627: result: /bin/grep -E
configure:3632: checking for ANSI C header files
configure:3652: g++-5 -c -g -O2  conftest.cpp >&5
configure:3652: $? = 0
configure:3725: g++-5 -o conftest -g -O2   conftest.cpp  >&5
configure:3725: $? = 0
configure:3725: ./conftest
configure:3725: $? = 0
configure:3736: result: yes
configure:3749: checking for sys/types.h
configure:3749: g++-5 -c -g -O2  conftest.cpp >&5
configure:3749: $? = 0
configure:3749: result: yes
configure:3749: checking for sys/stat.h
configure:3749: g++-5 -c -g -O2  conftest.cpp >&5
configure:3749: $? = 0
configure:3749: result: yes
configure:3749: checking for stdlib.h
configure:3749: g++-5 -c -g -O2  conftest.cpp >&5
configure:3749: $? = 0
configure:3749: result: yes
configure:3749: checking for string.h
configure:3749: g++-5 -c -g -O2  conftest.cpp >&5
configure:3749: $? = 0
configure:3749: result: yes
configure:3749: checking for memory.h
configure:3749: g++-5 -c -g -O2  conftest.cpp >&5
configure:3749: $? = 0
configure:3749: result: yes
configure:3749: checking for strings.h
configure:3749: g++-5 -c -g -O2  conftest.cpp >&5
configure:3749: $? = 0
configure:3749: result: yes
configure:3749: checking for inttypes.h
configure:3749: g++-5 -c -g -O2  conftest.cpp >&5
configure:3749: $? = 0
configure:3749: result: yes
configure:3749: checking for stdint.h
configure:3749: g++-5 -c -g -O2  conftest.cpp >&5
configure:3749: $? = 0
configure:3749: result: yes
configure:3749: checking for unistd.h
configure:3749: g++-5 -c -g -O2  conftest.cpp >&5
configure:3749: $? = 0
configure:3749: result: yes
configure:3761: checking whether byte ordering is bigendian
configure:3776: g++-5 -c -g -O2  conftest.cpp >&5
conftest.cpp:20:9: error: expected unqualified-id before 'not' token
         not a universal capable compiler
         ^
configure:3776: $? = 1
configure: failed program was:
| /* confdefs.h */
| #define PACKAGE_NAME "RISC-V ISA Simulator"
| #define PACKAGE_TARNAME "spike"
| #define PACKAGE_VERSION "?"
| #define PACKAGE_STRING "RISC-V ISA Simulator ?"
| #define PACKAGE_BUGREPORT "Andrew Waterman"
| #define PACKAGE_URL ""
| #define STDC_HEADERS 1
| #define HAVE_SYS_TYPES_H 1
| #define HAVE_SYS_STAT_H 1
| #define HAVE_STDLIB_H 1
| #define HAVE_STRING_H 1
| #define HAVE_MEMORY_H 1
| #define HAVE_STRINGS_H 1
| #define HAVE_INTTYPES_H 1
| #define HAVE_STDINT_H 1
| #define HAVE_UNISTD_H 1
| /* end confdefs.h.  */
| #ifndef __APPLE_CC__
| 	       not a universal capable compiler
| 	     #endif
| 	     typedef int dummy;
| 
configure:3821: g++-5 -c -g -O2  conftest.cpp >&5
configure:3821: $? = 0
configure:3839: g++-5 -c -g -O2  conftest.cpp >&5
conftest.cpp: In function 'int main()':
conftest.cpp:26:8: error: 'big' was not declared in this scope
    not big endian
        ^
configure:3839: $? = 1
configure: failed program was:
| /* confdefs.h */
| #define PACKAGE_NAME "RISC-V ISA Simulator"
| #define PACKAGE_TARNAME "spike"
| #define PACKAGE_VERSION "?"
| #define PACKAGE_STRING "RISC-V ISA Simulator ?"
| #define PACKAGE_BUGREPORT "Andrew Waterman"
| #define PACKAGE_URL ""
| #define STDC_HEADERS 1
| #define HAVE_SYS_TYPES_H 1
| #define HAVE_SYS_STAT_H 1
| #define HAVE_STDLIB_H 1
| #define HAVE_STRING_H 1
| #define HAVE_MEMORY_H 1
| #define HAVE_STRINGS_H 1
| #define HAVE_INTTYPES_H 1
| #define HAVE_STDINT_H 1
| #define HAVE_UNISTD_H 1
| /* end confdefs.h.  */
| #include <sys/types.h>
| 		#include <sys/param.h>
| 
| int
| main ()
| {
| #if BYTE_ORDER != BIG_ENDIAN
| 		 not big endian
| 		#endif
| 
|   ;
|   return 0;
| }
configure:3967: result: no
configure:4006: checking for a BSD-compatible install
configure:4074: result: /usr/bin/install -c
configure:4209: checking for ANSI C header files
configure:4313: result: yes
configure:4383: configuring default subproject : riscv
configure:4416: checking for library containing dlopen
configure:4447: g++-5 -o conftest -Wall -Wno-unused -g -O2 -std=c++11   conftest.cpp  >&5
/tmp/cceIzKuT.o: In function `main':
/home/rise/tools/riscv-tools/riscv-isa-sim-modified/build/conftest.cpp:33: undefined reference to `dlopen'
collect2: error: ld returned 1 exit status
configure:4447: $? = 1
configure: failed program was:
| /* confdefs.h */
| #define PACKAGE_NAME "RISC-V ISA Simulator"
| #define PACKAGE_TARNAME "spike"
| #define PACKAGE_VERSION "?"
| #define PACKAGE_STRING "RISC-V ISA Simulator ?"
| #define PACKAGE_BUGREPORT "Andrew Waterman"
| #define PACKAGE_URL ""
| #define STDC_HEADERS 1
| #define HAVE_SYS_TYPES_H 1
| #define HAVE_SYS_STAT_H 1
| #define HAVE_STDLIB_H 1
| #define HAVE_STRING_H 1
| #define HAVE_MEMORY_H 1
| #define HAVE_STRINGS_H 1
| #define HAVE_INTTYPES_H 1
| #define HAVE_STDINT_H 1
| #define HAVE_UNISTD_H 1
| #define STDC_HEADERS 1
| #define RISCV_ENABLED /**/
| #define DEFAULT_ISA "RV64IMAFDC"
| /* end confdefs.h.  */
| 
| /* Override any GCC internal prototype to avoid an error.
|    Use char because int might match the return type of a GCC
|    builtin and then its argument prototype would still apply.  */
| #ifdef __cplusplus
| extern "C"
| #endif
| char dlopen ();
| int
| main ()
| {
| return dlopen ();
|   ;
|   return 0;
| }
configure:4447: g++-5 -o conftest -Wall -Wno-unused -g -O2 -std=c++11   conftest.cpp -ldl   >&5
configure:4447: $? = 0
configure:4464: result: -ldl
configure:4488: checking for libfesvr_is_present in -lfesvr
configure:4513: g++-5 -o conftest -Wall -Wno-unused -g -O2 -std=c++11 -I/home/rise/tools/riscv-tools/riscv//include  -L/home/rise/tools/riscv-tools/riscv//lib  conftest.cpp -lfesvr -pthread -ldl  >&5
configure:4513: $? = 0
configure:4522: result: yes
configure:4536: checking for pthread_create in -lpthread
configure:4561: g++-5 -o conftest -Wall -Wno-unused -g -O2 -std=c++11 -I/home/rise/tools/riscv-tools/riscv//include  -L/home/rise/tools/riscv-tools/riscv//lib  conftest.cpp -lpthread  -lfesvr -ldl  >&5
configure:4561: $? = 0
configure:4570: result: yes
configure:4645: configuring default subproject : dummy_rocc
configure:4690: configuring default subproject : softfloat
configure:4735: configuring default subproject : spike_main
configure:4900: creating ./config.status

## ---------------------- ##
## Running config.status. ##
## ---------------------- ##

This file was extended by RISC-V ISA Simulator config.status ?, which was
generated by GNU Autoconf 2.69.  Invocation command line was

  CONFIG_FILES    = 
  CONFIG_HEADERS  = 
  CONFIG_LINKS    = 
  CONFIG_COMMANDS = 
  $ ./config.status 

on rise-Veriton-M200-Q77

config.status:837: creating riscv.mk
config.status:837: creating dummy_rocc.mk
config.status:837: creating softfloat.mk
config.status:837: creating spike_main.mk
config.status:837: creating Makefile
config.status:837: creating riscv-spike.pc
config.status:837: creating riscv-riscv.pc
config.status:837: creating riscv-softfloat.pc
config.status:837: creating riscv-dummy_rocc.pc
config.status:837: creating riscv-spike_main.pc
config.status:837: creating config.h
config.status:997: config.h is unchanged

## ---------------- ##
## Cache variables. ##
## ---------------- ##

ac_cv_build=x86_64-unknown-linux-gnu
ac_cv_c_bigendian=no
ac_cv_c_compiler_gnu=yes
ac_cv_cxx_compiler_gnu=yes
ac_cv_env_CCC_set=
ac_cv_env_CCC_value=
ac_cv_env_CC_set=set
ac_cv_env_CC_value=gcc-5
ac_cv_env_CFLAGS_set=
ac_cv_env_CFLAGS_value=
ac_cv_env_CPPFLAGS_set=
ac_cv_env_CPPFLAGS_value=
ac_cv_env_CXXCPP_set=
ac_cv_env_CXXCPP_value=
ac_cv_env_CXXFLAGS_set=
ac_cv_env_CXXFLAGS_value=
ac_cv_env_CXX_set=set
ac_cv_env_CXX_value=g++-5
ac_cv_env_LDFLAGS_set=
ac_cv_env_LDFLAGS_value=
ac_cv_env_LIBS_set=
ac_cv_env_LIBS_value=
ac_cv_env_STOW_PREFIX_set=
ac_cv_env_STOW_PREFIX_value=
ac_cv_env_STOW_ROOT_set=
ac_cv_env_STOW_ROOT_value=
ac_cv_env_build_alias_set=
ac_cv_env_build_alias_value=
ac_cv_env_host_alias_set=
ac_cv_env_host_alias_value=
ac_cv_env_target_alias_set=
ac_cv_env_target_alias_value=
ac_cv_header_inttypes_h=yes
ac_cv_header_memory_h=yes
ac_cv_header_stdc=yes
ac_cv_header_stdint_h=yes
ac_cv_header_stdlib_h=yes
ac_cv_header_string_h=yes
ac_cv_header_strings_h=yes
ac_cv_header_sys_stat_h=yes
ac_cv_header_sys_types_h=yes
ac_cv_header_unistd_h=yes
ac_cv_host=x86_64-unknown-linux-gnu
ac_cv_lib_fesvr_libfesvr_is_present=yes
ac_cv_lib_pthread_pthread_create=yes
ac_cv_objext=o
ac_cv_path_EGREP='/bin/grep -E'
ac_cv_path_GREP=/bin/grep
ac_cv_path_install='/usr/bin/install -c'
ac_cv_prog_CXXCPP='g++-5 -E'
ac_cv_prog_ac_ct_AR=ar
ac_cv_prog_ac_ct_CC=gcc-5
ac_cv_prog_ac_ct_RANLIB=ranlib
ac_cv_prog_cc_c89=
ac_cv_prog_cc_g=yes
ac_cv_prog_cxx_g=yes
ac_cv_search_dlopen=-ldl

## ----------------- ##
## Output variables. ##
## ----------------- ##

AR='ar'
CC='gcc-5'
CFLAGS='-Wall -Wno-unused -g -O2'
CPPFLAGS='-I/home/rise/tools/riscv-tools/riscv//include '
CXX='g++-5'
CXXCPP='g++-5 -E'
CXXFLAGS='-Wall -Wno-unused -g -O2 -std=c++11'
DEFS='-DHAVE_CONFIG_H'
ECHO_C=''
ECHO_N='-n'
ECHO_T=''
EGREP='/bin/grep -E'
EXEEXT=''
GREP='/bin/grep'
INSTALL_DATA='${INSTALL} -m 644'
INSTALL_PROGRAM='${INSTALL}'
INSTALL_SCRIPT='${INSTALL}'
LDFLAGS='-L/home/rise/tools/riscv-tools/riscv//lib '
LIBOBJS=''
LIBS='-lpthread -lfesvr -ldl '
LTLIBOBJS=''
OBJEXT='o'
PACKAGE_BUGREPORT='Andrew Waterman'
PACKAGE_NAME='RISC-V ISA Simulator'
PACKAGE_STRING='RISC-V ISA Simulator ?'
PACKAGE_TARNAME='spike'
PACKAGE_URL=''
PACKAGE_VERSION='?'
PATH_SEPARATOR=':'
RANLIB='ranlib'
SHELL='/bin/bash'
STOW_PREFIX=''
STOW_ROOT=''
ac_ct_CC='gcc-5'
ac_ct_CXX=''
bindir='${exec_prefix}/bin'
build='x86_64-unknown-linux-gnu'
build_alias=''
build_cpu='x86_64'
build_os='linux-gnu'
build_vendor='unknown'
datadir='${datarootdir}'
datarootdir='${prefix}/share'
docdir='${datarootdir}/doc/${PACKAGE_TARNAME}'
dvidir='${docdir}'
enable_stow='no'
exec_prefix='${prefix}'
host='x86_64-unknown-linux-gnu'
host_alias=''
host_cpu='x86_64'
host_os='linux-gnu'
host_vendor='unknown'
htmldir='${docdir}'
includedir='${prefix}/include'
infodir='${datarootdir}/info'
libdir='${exec_prefix}/lib'
libexecdir='${exec_prefix}/libexec'
localedir='${datarootdir}/locale'
localstatedir='${prefix}/var'
mandir='${datarootdir}/man'
oldincludedir='/usr/include'
pdfdir='${docdir}'
prefix='/home/rise/tools/riscv-tools/riscv'
program_transform_name='s,x,x,'
psdir='${docdir}'
sbindir='${exec_prefix}/sbin'
sharedstatedir='${prefix}/com'
stow=''
subprojects=' riscv dummy_rocc softfloat spike_main'
subprojects_enabled=' riscv dummy_rocc softfloat spike_main'
sysconfdir='${prefix}/etc'
target_alias=''

## ----------- ##
## confdefs.h. ##
## ----------- ##

/* confdefs.h */
#define PACKAGE_NAME "RISC-V ISA Simulator"
#define PACKAGE_TARNAME "spike"
#define PACKAGE_VERSION "?"
#define PACKAGE_STRING "RISC-V ISA Simulator ?"
#define PACKAGE_BUGREPORT "Andrew Waterman"
#define PACKAGE_URL ""
#define STDC_HEADERS 1
#define HAVE_SYS_TYPES_H 1
#define HAVE_SYS_STAT_H 1
#define HAVE_STDLIB_H 1
#define HAVE_STRING_H 1
#define HAVE_MEMORY_H 1
#define HAVE_STRINGS_H 1
#define HAVE_INTTYPES_H 1
#define HAVE_STDINT_H 1
#define HAVE_UNISTD_H 1
#define STDC_HEADERS 1
#define RISCV_ENABLED /**/
#define DEFAULT_ISA "RV64IMAFDC"
#define HAVE_LIBFESVR 1
#define HAVE_LIBPTHREAD 1
#define DUMMY_ROCC_ENABLED /**/
#define SOFTFLOAT_ENABLED /**/
#define SPIKE_MAIN_ENABLED /**/

configure: exit 0

## ---------------------- ##
## Running config.status. ##
## ---------------------- ##

This file was extended by RISC-V ISA Simulator config.status ?, which was
generated by GNU Autoconf 2.69.  Invocation command line was

  CONFIG_FILES    = 
  CONFIG_HEADERS  = 
  CONFIG_LINKS    = 
  CONFIG_COMMANDS = 
  $ ./config.status 

on kesav

config.status:837: creating riscv.mk
config.status:837: creating dummy_rocc.mk
config.status:837: creating softfloat.mk
config.status:837: creating spike_main.mk
config.status:837: creating Makefile
config.status:837: creating riscv-spike.pc
config.status:837: creating riscv-riscv.pc
config.status:837: creating riscv-softfloat.pc
config.status:837: creating riscv-dummy_rocc.pc
config.status:837: creating riscv-spike_main.pc
config.status:837: creating config.h
config.status:997: config.h is unchanged
