This file contains any messages produced by compilers while
running configure, to aid debugging if configure makes a mistake.

It was created by RISC-V ISA Simulator configure ?, which was
generated by GNU Autoconf 2.69.  Invocation command line was

  $ ./configure 

## --------- ##
## Platform. ##
## --------- ##

hostname = coolkid-pc
uname -m = x86_64
uname -r = 4.4.0-79-generic
uname -s = Linux
uname -v = #100-Ubuntu SMP Wed May 17 19:58:14 UTC 2017

/usr/bin/uname -p = unknown
/bin/uname -X     = unknown

/bin/arch              = unknown
/usr/bin/arch -k       = unknown
/usr/convex/getsysinfo = unknown
/usr/bin/hostinfo      = unknown
/bin/machine           = unknown
/usr/bin/oslevel       = unknown
/bin/universe          = unknown

PATH: /ssd_compute/riscv/rocket-chip/emulator/verilator/install/bin
PATH: /ssd_compute/riscv/rocket-chip/verilator/bin
PATH: /ssd_compute/riscv/rocket-chip/firrtl/utils/bin
PATH: /home/local_install/RISCV_Tools/riscv-tools/riscv/bin
PATH: /home/local_install/RISCV_Tools/riscv-tools/bin
PATH: /home/commandpaul/bin
PATH: /home/commandpaul/.local/bin
PATH: /usr/local/sbin
PATH: /usr/local/bin
PATH: /usr/sbin
PATH: /usr/bin
PATH: /sbin
PATH: /bin
PATH: /usr/games
PATH: /usr/local/games
PATH: /snap/bin


## ----------- ##
## Core tests. ##
## ----------- ##

configure:2083: checking build system type
configure:2097: result: x86_64-unknown-linux-gnu
configure:2117: checking host system type
configure:2130: result: x86_64-unknown-linux-gnu
configure:2203: checking for gcc
configure:2219: found /usr/bin/gcc
configure:2230: result: gcc
configure:2459: checking for C compiler version
configure:2468: gcc --version >&5
gcc (Ubuntu 5.4.0-6ubuntu1~16.04.4) 5.4.0 20160609
Copyright (C) 2015 Free Software Foundation, Inc.
This is free software; see the source for copying conditions.  There is NO
warranty; not even for MERCHANTABILITY or FITNESS FOR A PARTICULAR PURPOSE.

configure:2479: $? = 0
configure:2468: gcc -v >&5
Using built-in specs.
COLLECT_GCC=gcc
COLLECT_LTO_WRAPPER=/usr/lib/gcc/x86_64-linux-gnu/5/lto-wrapper
Target: x86_64-linux-gnu
Configured with: ../src/configure -v --with-pkgversion='Ubuntu 5.4.0-6ubuntu1~16.04.4' --with-bugurl=file:///usr/share/doc/gcc-5/README.Bugs --enable-languages=c,ada,c++,java,go,d,fortran,objc,obj-c++ --prefix=/usr --program-suffix=-5 --enable-shared --enable-linker-build-id --libexecdir=/usr/lib --without-included-gettext --enable-threads=posix --libdir=/usr/lib --enable-nls --with-sysroot=/ --enable-clocale=gnu --enable-libstdcxx-debug --enable-libstdcxx-time=yes --with-default-libstdcxx-abi=new --enable-gnu-unique-object --disable-vtable-verify --enable-libmpx --enable-plugin --with-system-zlib --disable-browser-plugin --enable-java-awt=gtk --enable-gtk-cairo --with-java-home=/usr/lib/jvm/java-1.5.0-gcj-5-amd64/jre --enable-java-home --with-jvm-root-dir=/usr/lib/jvm/java-1.5.0-gcj-5-amd64 --with-jvm-jar-dir=/usr/lib/jvm-exports/java-1.5.0-gcj-5-amd64 --with-arch-directory=amd64 --with-ecj-jar=/usr/share/java/eclipse-ecj.jar --enable-objc-gc --enable-multiarch --disable-werror --with-arch-32=i686 --with-abi=m64 --with-multilib-list=m32,m64,mx32 --enable-multilib --with-tune=generic --enable-checking=release --build=x86_64-linux-gnu --host=x86_64-linux-gnu --target=x86_64-linux-gnu
Thread model: posix
gcc version 5.4.0 20160609 (Ubuntu 5.4.0-6ubuntu1~16.04.4) 
configure:2479: $? = 0
configure:2468: gcc -V >&5
gcc: error: unrecognized command line option '-V'
gcc: fatal error: no input files
compilation terminated.
configure:2479: $? = 1
configure:2468: gcc -qversion >&5
gcc: error: unrecognized command line option '-qversion'
gcc: fatal error: no input files
compilation terminated.
configure:2479: $? = 1
configure:2499: checking whether the C compiler works
configure:2521: gcc    conftest.c  >&5
configure:2525: $? = 0
configure:2573: result: yes
configure:2576: checking for C compiler default output file name
configure:2578: result: a.out
configure:2584: checking for suffix of executables
configure:2591: gcc -o conftest    conftest.c  >&5
configure:2595: $? = 0
configure:2617: result: 
configure:2639: checking whether we are cross compiling
configure:2647: gcc -o conftest    conftest.c  >&5
configure:2651: $? = 0
configure:2658: ./conftest
configure:2662: $? = 0
configure:2677: result: no
configure:2682: checking for suffix of object files
configure:2704: gcc -c   conftest.c >&5
configure:2708: $? = 0
configure:2729: result: o
configure:2733: checking whether we are using the GNU C compiler
configure:2752: gcc -c   conftest.c >&5
configure:2752: $? = 0
configure:2761: result: yes
configure:2770: checking whether gcc accepts -g
configure:2790: gcc -c -g  conftest.c >&5
configure:2790: $? = 0
configure:2831: result: yes
configure:2848: checking for gcc option to accept ISO C89
configure:2911: gcc  -c -g -O2  conftest.c >&5
configure:2911: $? = 0
configure:2924: result: none needed
configure:3002: checking for g++
configure:3018: found /usr/bin/g++
configure:3029: result: g++
configure:3056: checking for C++ compiler version
configure:3065: g++ --version >&5
g++ (Ubuntu 5.4.0-6ubuntu1~16.04.4) 5.4.0 20160609
Copyright (C) 2015 Free Software Foundation, Inc.
This is free software; see the source for copying conditions.  There is NO
warranty; not even for MERCHANTABILITY or FITNESS FOR A PARTICULAR PURPOSE.

configure:3076: $? = 0
configure:3065: g++ -v >&5
Using built-in specs.
COLLECT_GCC=g++
COLLECT_LTO_WRAPPER=/usr/lib/gcc/x86_64-linux-gnu/5/lto-wrapper
Target: x86_64-linux-gnu
Configured with: ../src/configure -v --with-pkgversion='Ubuntu 5.4.0-6ubuntu1~16.04.4' --with-bugurl=file:///usr/share/doc/gcc-5/README.Bugs --enable-languages=c,ada,c++,java,go,d,fortran,objc,obj-c++ --prefix=/usr --program-suffix=-5 --enable-shared --enable-linker-build-id --libexecdir=/usr/lib --without-included-gettext --enable-threads=posix --libdir=/usr/lib --enable-nls --with-sysroot=/ --enable-clocale=gnu --enable-libstdcxx-debug --enable-libstdcxx-time=yes --with-default-libstdcxx-abi=new --enable-gnu-unique-object --disable-vtable-verify --enable-libmpx --enable-plugin --with-system-zlib --disable-browser-plugin --enable-java-awt=gtk --enable-gtk-cairo --with-java-home=/usr/lib/jvm/java-1.5.0-gcj-5-amd64/jre --enable-java-home --with-jvm-root-dir=/usr/lib/jvm/java-1.5.0-gcj-5-amd64 --with-jvm-jar-dir=/usr/lib/jvm-exports/java-1.5.0-gcj-5-amd64 --with-arch-directory=amd64 --with-ecj-jar=/usr/share/java/eclipse-ecj.jar --enable-objc-gc --enable-multiarch --disable-werror --with-arch-32=i686 --with-abi=m64 --with-multilib-list=m32,m64,mx32 --enable-multilib --with-tune=generic --enable-checking=release --build=x86_64-linux-gnu --host=x86_64-linux-gnu --target=x86_64-linux-gnu
Thread model: posix
gcc version 5.4.0 20160609 (Ubuntu 5.4.0-6ubuntu1~16.04.4) 
configure:3076: $? = 0
configure:3065: g++ -V >&5
g++: error: unrecognized command line option '-V'
g++: fatal error: no input files
compilation terminated.
configure:3076: $? = 1
configure:3065: g++ -qversion >&5
g++: error: unrecognized command line option '-qversion'
g++: fatal error: no input files
compilation terminated.
configure:3076: $? = 1
configure:3080: checking whether we are using the GNU C++ compiler
configure:3099: g++ -c   conftest.cpp >&5
configure:3099: $? = 0
configure:3108: result: yes
configure:3117: checking whether g++ accepts -g
configure:3137: g++ -c -g  conftest.cpp >&5
configure:3137: $? = 0
configure:3178: result: yes
configure:3244: checking for ar
configure:3260: found /usr/bin/ar
configure:3271: result: ar
configure:3336: checking for ranlib
configure:3352: found /usr/bin/ranlib
configure:3363: result: ranlib
configure:3387: checking for dtc
configure:3405: found /usr/bin/dtc
configure:3417: result: /usr/bin/dtc
configure:3437: checking how to run the C++ preprocessor
configure:3464: g++ -E  conftest.cpp
configure:3464: $? = 0
configure:3478: g++ -E  conftest.cpp
conftest.cpp:10:28: fatal error: ac_nonexistent.h: No such file or directory
compilation terminated.
configure:3478: $? = 1
configure: failed program was:
| /* confdefs.h */
| #define PACKAGE_NAME "RISC-V ISA Simulator"
| #define PACKAGE_TARNAME "spike"
| #define PACKAGE_VERSION "?"
| #define PACKAGE_STRING "RISC-V ISA Simulator ?"
| #define PACKAGE_BUGREPORT "Andrew Waterman"
| #define PACKAGE_URL ""
| #define DTC "/usr/bin/dtc"
| /* end confdefs.h.  */
| #include <ac_nonexistent.h>
configure:3503: result: g++ -E
configure:3523: g++ -E  conftest.cpp
configure:3523: $? = 0
configure:3537: g++ -E  conftest.cpp
conftest.cpp:10:28: fatal error: ac_nonexistent.h: No such file or directory
compilation terminated.
configure:3537: $? = 1
configure: failed program was:
| /* confdefs.h */
| #define PACKAGE_NAME "RISC-V ISA Simulator"
| #define PACKAGE_TARNAME "spike"
| #define PACKAGE_VERSION "?"
| #define PACKAGE_STRING "RISC-V ISA Simulator ?"
| #define PACKAGE_BUGREPORT "Andrew Waterman"
| #define PACKAGE_URL ""
| #define DTC "/usr/bin/dtc"
| /* end confdefs.h.  */
| #include <ac_nonexistent.h>
configure:3566: checking for grep that handles long lines and -e
configure:3624: result: /bin/grep
configure:3629: checking for egrep
configure:3691: result: /bin/grep -E
configure:3696: checking for ANSI C header files
configure:3716: g++ -c -g -O2  conftest.cpp >&5
configure:3716: $? = 0
configure:3789: g++ -o conftest -g -O2   conftest.cpp  >&5
configure:3789: $? = 0
configure:3789: ./conftest
configure:3789: $? = 0
configure:3800: result: yes
configure:3813: checking for sys/types.h
configure:3813: g++ -c -g -O2  conftest.cpp >&5
configure:3813: $? = 0
configure:3813: result: yes
configure:3813: checking for sys/stat.h
configure:3813: g++ -c -g -O2  conftest.cpp >&5
configure:3813: $? = 0
configure:3813: result: yes
configure:3813: checking for stdlib.h
configure:3813: g++ -c -g -O2  conftest.cpp >&5
configure:3813: $? = 0
configure:3813: result: yes
configure:3813: checking for string.h
configure:3813: g++ -c -g -O2  conftest.cpp >&5
configure:3813: $? = 0
configure:3813: result: yes
configure:3813: checking for memory.h
configure:3813: g++ -c -g -O2  conftest.cpp >&5
configure:3813: $? = 0
configure:3813: result: yes
configure:3813: checking for strings.h
configure:3813: g++ -c -g -O2  conftest.cpp >&5
configure:3813: $? = 0
configure:3813: result: yes
configure:3813: checking for inttypes.h
configure:3813: g++ -c -g -O2  conftest.cpp >&5
configure:3813: $? = 0
configure:3813: result: yes
configure:3813: checking for stdint.h
configure:3813: g++ -c -g -O2  conftest.cpp >&5
configure:3813: $? = 0
configure:3813: result: yes
configure:3813: checking for unistd.h
configure:3813: g++ -c -g -O2  conftest.cpp >&5
configure:3813: $? = 0
configure:3813: result: yes
configure:3825: checking whether byte ordering is bigendian
configure:3840: g++ -c -g -O2  conftest.cpp >&5
conftest.cpp:21:9: error: expected unqualified-id before 'not' token
         not a universal capable compiler
         ^
configure:3840: $? = 1
configure: failed program was:
| /* confdefs.h */
| #define PACKAGE_NAME "RISC-V ISA Simulator"
| #define PACKAGE_TARNAME "spike"
| #define PACKAGE_VERSION "?"
| #define PACKAGE_STRING "RISC-V ISA Simulator ?"
| #define PACKAGE_BUGREPORT "Andrew Waterman"
| #define PACKAGE_URL ""
| #define DTC "/usr/bin/dtc"
| #define STDC_HEADERS 1
| #define HAVE_SYS_TYPES_H 1
| #define HAVE_SYS_STAT_H 1
| #define HAVE_STDLIB_H 1
| #define HAVE_STRING_H 1
| #define HAVE_MEMORY_H 1
| #define HAVE_STRINGS_H 1
| #define HAVE_INTTYPES_H 1
| #define HAVE_STDINT_H 1
| #define HAVE_UNISTD_H 1
| /* end confdefs.h.  */
| #ifndef __APPLE_CC__
| 	       not a universal capable compiler
| 	     #endif
| 	     typedef int dummy;
| 
configure:3885: g++ -c -g -O2  conftest.cpp >&5
configure:3885: $? = 0
configure:3903: g++ -c -g -O2  conftest.cpp >&5
conftest.cpp: In function 'int main()':
conftest.cpp:27:8: error: 'big' was not declared in this scope
    not big endian
        ^
configure:3903: $? = 1
configure: failed program was:
| /* confdefs.h */
| #define PACKAGE_NAME "RISC-V ISA Simulator"
| #define PACKAGE_TARNAME "spike"
| #define PACKAGE_VERSION "?"
| #define PACKAGE_STRING "RISC-V ISA Simulator ?"
| #define PACKAGE_BUGREPORT "Andrew Waterman"
| #define PACKAGE_URL ""
| #define DTC "/usr/bin/dtc"
| #define STDC_HEADERS 1
| #define HAVE_SYS_TYPES_H 1
| #define HAVE_SYS_STAT_H 1
| #define HAVE_STDLIB_H 1
| #define HAVE_STRING_H 1
| #define HAVE_MEMORY_H 1
| #define HAVE_STRINGS_H 1
| #define HAVE_INTTYPES_H 1
| #define HAVE_STDINT_H 1
| #define HAVE_UNISTD_H 1
| /* end confdefs.h.  */
| #include <sys/types.h>
| 		#include <sys/param.h>
| 
| int
| main ()
| {
| #if BYTE_ORDER != BIG_ENDIAN
| 		 not big endian
| 		#endif
| 
|   ;
|   return 0;
| }
configure:4031: result: no
configure:4070: checking for a BSD-compatible install
configure:4138: result: /usr/bin/install -c
configure:4273: checking for ANSI C header files
configure:4377: result: yes
configure:4447: configuring default subproject : riscv
configure:4480: checking for library containing dlopen
configure:4511: g++ -o conftest -Wall -Wno-unused -g -O2 -std=c++11   conftest.cpp  >&5
/tmp/ccN9Bz45.o: In function `main':
/home/local_install/RISCV_Tools/riscv-tools/riscv-isa-sim/conftest.cpp:34: undefined reference to `dlopen'
collect2: error: ld returned 1 exit status
configure:4511: $? = 1
configure: failed program was:
| /* confdefs.h */
| #define PACKAGE_NAME "RISC-V ISA Simulator"
| #define PACKAGE_TARNAME "spike"
| #define PACKAGE_VERSION "?"
| #define PACKAGE_STRING "RISC-V ISA Simulator ?"
| #define PACKAGE_BUGREPORT "Andrew Waterman"
| #define PACKAGE_URL ""
| #define DTC "/usr/bin/dtc"
| #define STDC_HEADERS 1
| #define HAVE_SYS_TYPES_H 1
| #define HAVE_SYS_STAT_H 1
| #define HAVE_STDLIB_H 1
| #define HAVE_STRING_H 1
| #define HAVE_MEMORY_H 1
| #define HAVE_STRINGS_H 1
| #define HAVE_INTTYPES_H 1
| #define HAVE_STDINT_H 1
| #define HAVE_UNISTD_H 1
| #define STDC_HEADERS 1
| #define RISCV_ENABLED /**/
| #define DEFAULT_ISA "RV64IMAFDC"
| /* end confdefs.h.  */
| 
| /* Override any GCC internal prototype to avoid an error.
|    Use char because int might match the return type of a GCC
|    builtin and then its argument prototype would still apply.  */
| #ifdef __cplusplus
| extern "C"
| #endif
| char dlopen ();
| int
| main ()
| {
| return dlopen ();
|   ;
|   return 0;
| }
configure:4511: g++ -o conftest -Wall -Wno-unused -g -O2 -std=c++11   conftest.cpp -ldl   >&5
configure:4511: $? = 0
configure:4528: result: -ldl
configure:4552: checking for libfesvr_is_present in -lfesvr
configure:4577: g++ -o conftest -Wall -Wno-unused -g -O2 -std=c++11   conftest.cpp -lfesvr -pthread -ldl  >&5
configure:4577: $? = 0
configure:4586: result: yes
configure:4600: checking for pthread_create in -lpthread
configure:4625: g++ -o conftest -Wall -Wno-unused -g -O2 -std=c++11   conftest.cpp -lpthread  -lfesvr -ldl  >&5
configure:4625: $? = 0
configure:4634: result: yes
configure:4735: configuring default subproject : dummy_rocc
configure:4780: configuring default subproject : softfloat
configure:4825: configuring default subproject : spike_main
configure:4990: creating ./config.status

## ---------------------- ##
## Running config.status. ##
## ---------------------- ##

This file was extended by RISC-V ISA Simulator config.status ?, which was
generated by GNU Autoconf 2.69.  Invocation command line was

  CONFIG_FILES    = 
  CONFIG_HEADERS  = 
  CONFIG_LINKS    = 
  CONFIG_COMMANDS = 
  $ ./config.status 

on coolkid-pc

config.status:840: creating riscv.mk
config.status:840: creating dummy_rocc.mk
config.status:840: creating softfloat.mk
config.status:840: creating spike_main.mk
config.status:840: creating Makefile
config.status:840: creating riscv-spike.pc
config.status:840: creating riscv-riscv.pc
config.status:840: creating riscv-softfloat.pc
config.status:840: creating riscv-dummy_rocc.pc
config.status:840: creating riscv-spike_main.pc
config.status:840: creating config.h

## ---------------- ##
## Cache variables. ##
## ---------------- ##

ac_cv_build=x86_64-unknown-linux-gnu
ac_cv_c_bigendian=no
ac_cv_c_compiler_gnu=yes
ac_cv_cxx_compiler_gnu=yes
ac_cv_env_CCC_set=
ac_cv_env_CCC_value=
ac_cv_env_CC_set=
ac_cv_env_CC_value=
ac_cv_env_CFLAGS_set=
ac_cv_env_CFLAGS_value=
ac_cv_env_CPPFLAGS_set=
ac_cv_env_CPPFLAGS_value=
ac_cv_env_CXXCPP_set=
ac_cv_env_CXXCPP_value=
ac_cv_env_CXXFLAGS_set=
ac_cv_env_CXXFLAGS_value=
ac_cv_env_CXX_set=
ac_cv_env_CXX_value=
ac_cv_env_LDFLAGS_set=
ac_cv_env_LDFLAGS_value=
ac_cv_env_LIBS_set=
ac_cv_env_LIBS_value=
ac_cv_env_STOW_PREFIX_set=
ac_cv_env_STOW_PREFIX_value=
ac_cv_env_STOW_ROOT_set=
ac_cv_env_STOW_ROOT_value=
ac_cv_env_build_alias_set=
ac_cv_env_build_alias_value=
ac_cv_env_host_alias_set=
ac_cv_env_host_alias_value=
ac_cv_env_target_alias_set=
ac_cv_env_target_alias_value=
ac_cv_header_inttypes_h=yes
ac_cv_header_memory_h=yes
ac_cv_header_stdc=yes
ac_cv_header_stdint_h=yes
ac_cv_header_stdlib_h=yes
ac_cv_header_string_h=yes
ac_cv_header_strings_h=yes
ac_cv_header_sys_stat_h=yes
ac_cv_header_sys_types_h=yes
ac_cv_header_unistd_h=yes
ac_cv_host=x86_64-unknown-linux-gnu
ac_cv_lib_fesvr_libfesvr_is_present=yes
ac_cv_lib_pthread_pthread_create=yes
ac_cv_objext=o
ac_cv_path_DTC=/usr/bin/dtc
ac_cv_path_EGREP='/bin/grep -E'
ac_cv_path_GREP=/bin/grep
ac_cv_path_install='/usr/bin/install -c'
ac_cv_prog_CXXCPP='g++ -E'
ac_cv_prog_ac_ct_AR=ar
ac_cv_prog_ac_ct_CC=gcc
ac_cv_prog_ac_ct_CXX=g++
ac_cv_prog_ac_ct_RANLIB=ranlib
ac_cv_prog_cc_c89=
ac_cv_prog_cc_g=yes
ac_cv_prog_cxx_g=yes
ac_cv_search_dlopen=-ldl

## ----------------- ##
## Output variables. ##
## ----------------- ##

AR='ar'
CC='gcc'
CFLAGS='-Wall -Wno-unused -g -O2'
CPPFLAGS=''
CXX='g++'
CXXCPP='g++ -E'
CXXFLAGS='-Wall -Wno-unused -g -O2 -std=c++11'
DEFS='-DHAVE_CONFIG_H'
DTC='/usr/bin/dtc'
ECHO_C=''
ECHO_N='-n'
ECHO_T=''
EGREP='/bin/grep -E'
EXEEXT=''
GREP='/bin/grep'
INSTALL_DATA='${INSTALL} -m 644'
INSTALL_PROGRAM='${INSTALL}'
INSTALL_SCRIPT='${INSTALL}'
LDFLAGS=''
LIBOBJS=''
LIBS='-lpthread -lfesvr -ldl '
LTLIBOBJS=''
OBJEXT='o'
PACKAGE_BUGREPORT='Andrew Waterman'
PACKAGE_NAME='RISC-V ISA Simulator'
PACKAGE_STRING='RISC-V ISA Simulator ?'
PACKAGE_TARNAME='spike'
PACKAGE_URL=''
PACKAGE_VERSION='?'
PATH_SEPARATOR=':'
RANLIB='ranlib'
SHELL='/bin/bash'
STOW_PREFIX=''
STOW_ROOT=''
ac_ct_CC='gcc'
ac_ct_CXX='g++'
bindir='${exec_prefix}/bin'
build='x86_64-unknown-linux-gnu'
build_alias=''
build_cpu='x86_64'
build_os='linux-gnu'
build_vendor='unknown'
datadir='${datarootdir}'
datarootdir='${prefix}/share'
docdir='${datarootdir}/doc/${PACKAGE_TARNAME}'
dvidir='${docdir}'
enable_stow='no'
exec_prefix='${prefix}'
host='x86_64-unknown-linux-gnu'
host_alias=''
host_cpu='x86_64'
host_os='linux-gnu'
host_vendor='unknown'
htmldir='${docdir}'
includedir='${prefix}/include'
infodir='${datarootdir}/info'
libdir='${exec_prefix}/lib'
libexecdir='${exec_prefix}/libexec'
localedir='${datarootdir}/locale'
localstatedir='${prefix}/var'
mandir='${datarootdir}/man'
oldincludedir='/usr/include'
pdfdir='${docdir}'
prefix='/usr/local'
program_transform_name='s,x,x,'
psdir='${docdir}'
runstatedir='${localstatedir}/run'
sbindir='${exec_prefix}/sbin'
sharedstatedir='${prefix}/com'
stow=''
subprojects=' riscv dummy_rocc softfloat spike_main'
subprojects_enabled=' riscv dummy_rocc softfloat spike_main'
sysconfdir='${prefix}/etc'
target_alias=''

## ----------- ##
## confdefs.h. ##
## ----------- ##

/* confdefs.h */
#define PACKAGE_NAME "RISC-V ISA Simulator"
#define PACKAGE_TARNAME "spike"
#define PACKAGE_VERSION "?"
#define PACKAGE_STRING "RISC-V ISA Simulator ?"
#define PACKAGE_BUGREPORT "Andrew Waterman"
#define PACKAGE_URL ""
#define DTC "/usr/bin/dtc"
#define STDC_HEADERS 1
#define HAVE_SYS_TYPES_H 1
#define HAVE_SYS_STAT_H 1
#define HAVE_STDLIB_H 1
#define HAVE_STRING_H 1
#define HAVE_MEMORY_H 1
#define HAVE_STRINGS_H 1
#define HAVE_INTTYPES_H 1
#define HAVE_STDINT_H 1
#define HAVE_UNISTD_H 1
#define STDC_HEADERS 1
#define RISCV_ENABLED /**/
#define DEFAULT_ISA "RV64IMAFDC"
#define HAVE_LIBFESVR 1
#define HAVE_LIBPTHREAD 1
#define DUMMY_ROCC_ENABLED /**/
#define SOFTFLOAT_ENABLED /**/
#define SPIKE_MAIN_ENABLED /**/

configure: exit 0
